# JRE version: Java(TM) SE Runtime Environment (8.0_181-b13) (build 1.8.0_181-b13)
# Java VM: Java HotSpot(TM) 64-Bit Server VM (25.181-b13 mixed mode linux-amd64 compressed oops)
Heap:
 PSYoungGen      total 274944K, used 196760K [0x000000076d000000, 0x000000077f100000, 0x00000007c0000000)
  eden space 257024K, 71% used [0x000000076d000000,0x00000007783a9880,0x000000077cb00000)
  from space 17920K, 71% used [0x000000077dc80000,0x000000077e8fc8c8,0x000000077ee00000)
  to   space 17920K, 0% used [0x000000077cb00000,0x000000077cb00000,0x000000077dc80000)
 ParOldGen       total 183296K, used 25573K [0x00000006c7000000, 0x00000006d2300000, 0x000000076d000000)
  object space 183296K, 13% used [0x00000006c7000000,0x00000006c88f9688,0x00000006d2300000)
 Metaspace       used 46660K, capacity 47174K, committed 47744K, reserved 1091584K
  class space    used 6086K, capacity 6250K, committed 6272K, reserved 1048576K
GC Heap History (10 events):
Event: 2,271 GC heap before
{Heap before GC invocations=6 (full 1):
 PSYoungGen      total 139264K, used 129024K [0x000000076d000000, 0x0000000776200000, 0x00000007c0000000)
  eden space 129024K, 100% used [0x000000076d000000,0x0000000774e00000,0x0000000774e00000)
  from space 10240K, 0% used [0x0000000775800000,0x0000000775800000,0x0000000776200000)
  to   space 10240K, 0% used [0x0000000774e00000,0x0000000774e00000,0x0000000775800000)
 ParOldGen       total 111616K, used 9186K [0x00000006c7000000, 0x00000006cdd00000, 0x000000076d000000)
  object space 111616K, 8% used [0x00000006c7000000,0x00000006c78f8920,0x00000006cdd00000)
 Metaspace       used 25310K, capacity 25690K, committed 25984K, reserved 1071104K
  class space    used 3272K, capacity 3377K, committed 3456K, reserved 1048576K
Event: 2,277 GC heap after
Heap after GC invocations=6 (full 1):
 PSYoungGen      total 139264K, used 8877K [0x000000076d000000, 0x0000000779600000, 0x00000007c0000000)
  eden space 129024K, 0% used [0x000000076d000000,0x000000076d000000,0x0000000774e00000)
  from space 10240K, 86% used [0x0000000774e00000,0x00000007756ab6c8,0x0000000775800000)
  to   space 11776K, 0% used [0x0000000778a80000,0x0000000778a80000,0x0000000779600000)
 ParOldGen       total 111616K, used 9194K [0x00000006c7000000, 0x00000006cdd00000, 0x000000076d000000)
  object space 111616K, 8% used [0x00000006c7000000,0x00000006c78fa920,0x00000006cdd00000)
 Metaspace       used 25310K, capacity 25690K, committed 25984K, reserved 1071104K
  class space    used 3272K, capacity 3377K, committed 3456K, reserved 1048576K
}
Event: 2,812 GC heap before
{Heap before GC invocations=7 (full 1):
 PSYoungGen      total 139264K, used 137901K [0x000000076d000000, 0x0000000779600000, 0x00000007c0000000)
  eden space 129024K, 100% used [0x000000076d000000,0x0000000774e00000,0x0000000774e00000)
  from space 10240K, 86% used [0x0000000774e00000,0x00000007756ab6c8,0x0000000775800000)
  to   space 11776K, 0% used [0x0000000778a80000,0x0000000778a80000,0x0000000779600000)
 ParOldGen       total 111616K, used 9194K [0x00000006c7000000, 0x00000006cdd00000, 0x000000076d000000)
  object space 111616K, 8% used [0x00000006c7000000,0x00000006c78fa920,0x00000006cdd00000)
 Metaspace       used 29093K, capacity 29540K, committed 29824K, reserved 1075200K
  class space    used 3762K, capacity 3864K, committed 3968K, reserved 1048576K
Event: 2,820 GC heap after
Heap after GC invocations=7 (full 1):
 PSYoungGen      total 187904K, used 11758K [0x000000076d000000, 0x0000000779c00000, 0x00000007c0000000)
  eden space 176128K, 0% used [0x000000076d000000,0x000000076d000000,0x0000000777c00000)
  from space 11776K, 99% used [0x0000000778a80000,0x00000007795fba50,0x0000000779600000)
  to   space 14848K, 0% used [0x0000000777c00000,0x0000000777c00000,0x0000000778a80000)
 ParOldGen       total 111616K, used 12253K [0x00000006c7000000, 0x00000006cdd00000, 0x000000076d000000)
  object space 111616K, 10% used [0x00000006c7000000,0x00000006c7bf76f8,0x00000006cdd00000)
 Metaspace       used 29093K, capacity 29540K, committed 29824K, reserved 1075200K
  class space    used 3762K, capacity 3864K, committed 3968K, reserved 1048576K
}
Event: 3,339 GC heap before
{Heap before GC invocations=8 (full 1):
 PSYoungGen      total 187904K, used 82029K [0x000000076d000000, 0x0000000779c00000, 0x00000007c0000000)
  eden space 176128K, 39% used [0x000000076d000000,0x000000077149fa80,0x0000000777c00000)
  from space 11776K, 99% used [0x0000000778a80000,0x00000007795fba50,0x0000000779600000)
  to   space 14848K, 0% used [0x0000000777c00000,0x0000000777c00000,0x0000000778a80000)
 ParOldGen       total 111616K, used 12253K [0x00000006c7000000, 0x00000006cdd00000, 0x000000076d000000)
  object space 111616K, 10% used [0x00000006c7000000,0x00000006c7bf76f8,0x00000006cdd00000)
 Metaspace       used 34715K, capacity 35170K, committed 35496K, reserved 1081344K
  class space    used 4525K, capacity 4605K, committed 4608K, reserved 1048576K
Event: 3,359 GC heap after
Heap after GC invocations=8 (full 1):
 PSYoungGen      total 190976K, used 14837K [0x000000076d000000, 0x000000077ee00000, 0x00000007c0000000)
  eden space 176128K, 0% used [0x000000076d000000,0x000000076d000000,0x0000000777c00000)
  from space 14848K, 99% used [0x0000000777c00000,0x0000000778a7d608,0x0000000778a80000)
  to   space 17920K, 0% used [0x000000077dc80000,0x000000077dc80000,0x000000077ee00000)
 ParOldGen       total 111616K, used 15572K [0x00000006c7000000, 0x00000006cdd00000, 0x000000076d000000)
  object space 111616K, 13% used [0x00000006c7000000,0x00000006c7f35358,0x00000006cdd00000)
 Metaspace       used 34715K, capacity 35170K, committed 35496K, reserved 1081344K
  class space    used 4525K, capacity 4605K, committed 4608K, reserved 1048576K
}
Event: 3,359 GC heap before
{Heap before GC invocations=9 (full 2):
 PSYoungGen      total 190976K, used 14837K [0x000000076d000000, 0x000000077ee00000, 0x00000007c0000000)
  eden space 176128K, 0% used [0x000000076d000000,0x000000076d000000,0x0000000777c00000)
  from space 14848K, 99% used [0x0000000777c00000,0x0000000778a7d608,0x0000000778a80000)
  to   space 17920K, 0% used [0x000000077dc80000,0x000000077dc80000,0x000000077ee00000)
 ParOldGen       total 111616K, used 15572K [0x00000006c7000000, 0x00000006cdd00000, 0x000000076d000000)
  object space 111616K, 13% used [0x00000006c7000000,0x00000006c7f35358,0x00000006cdd00000)
 Metaspace       used 34715K, capacity 35170K, committed 35496K, reserved 1081344K
  class space    used 4525K, capacity 4605K, committed 4608K, reserved 1048576K
Event: 3,397 GC heap after
Heap after GC invocations=9 (full 2):
 PSYoungGen      total 190976K, used 0K [0x000000076d000000, 0x000000077ee00000, 0x00000007c0000000)
  eden space 176128K, 0% used [0x000000076d000000,0x000000076d000000,0x0000000777c00000)
  from space 14848K, 0% used [0x0000000777c00000,0x0000000777c00000,0x0000000778a80000)
  to   space 17920K, 0% used [0x000000077dc80000,0x000000077dc80000,0x000000077ee00000)
 ParOldGen       total 183296K, used 25565K [0x00000006c7000000, 0x00000006d2300000, 0x000000076d000000)
  object space 183296K, 13% used [0x00000006c7000000,0x00000006c88f7688,0x00000006d2300000)
 Metaspace       used 34715K, capacity 35170K, committed 35496K, reserved 1081344K
  class space    used 4525K, capacity 4605K, committed 4608K, reserved 1048576K
}
Event: 4,350 GC heap before
{Heap before GC invocations=10 (full 2):
 PSYoungGen      total 190976K, used 176128K [0x000000076d000000, 0x000000077ee00000, 0x00000007c0000000)
  eden space 176128K, 100% used [0x000000076d000000,0x0000000777c00000,0x0000000777c00000)
  from space 14848K, 0% used [0x0000000777c00000,0x0000000777c00000,0x0000000778a80000)
  to   space 17920K, 0% used [0x000000077dc80000,0x000000077dc80000,0x000000077ee00000)
 ParOldGen       total 183296K, used 25565K [0x00000006c7000000, 0x00000006d2300000, 0x000000076d000000)
  object space 183296K, 13% used [0x00000006c7000000,0x00000006c88f7688,0x00000006d2300000)
 Metaspace       used 39835K, capacity 40324K, committed 40960K, reserved 1085440K
  class space    used 5117K, capacity 5272K, committed 5376K, reserved 1048576K
Event: 4,368 GC heap after
Heap after GC invocations=10 (full 2):
 PSYoungGen      total 274944K, used 12786K [0x000000076d000000, 0x000000077f100000, 0x00000007c0000000)
  eden space 257024K, 0% used [0x000000076d000000,0x000000076d000000,0x000000077cb00000)
  from space 17920K, 71% used [0x000000077dc80000,0x000000077e8fc8c8,0x000000077ee00000)
  to   space 17920K, 0% used [0x000000077cb00000,0x000000077cb00000,0x000000077dc80000)
 ParOldGen       total 183296K, used 25573K [0x00000006c7000000, 0x00000006d2300000, 0x000000076d000000)
  object space 183296K, 13% used [0x00000006c7000000,0x00000006c88f9688,0x00000006d2300000)
 Metaspace       used 39835K, capacity 40324K, committed 40960K, reserved 1085440K
  class space    used 5117K, capacity 5272K, committed 5376K, reserved 1048576K
}

