# JRE version: Java(TM) SE Runtime Environment (8.0_181-b13) (build 1.8.0_181-b13)
# Java VM: Java HotSpot(TM) 64-Bit Server VM (25.181-b13 mixed mode linux-amd64 compressed oops)
Heap:
 PSYoungGen      total 281600K, used 194706K [0x000000076d000000, 0x0000000780680000, 0x00000007c0000000)
  eden space 267264K, 67% used [0x000000076d000000,0x0000000778056058,0x000000077d500000)
  from space 14336K, 98% used [0x000000077f880000,0x000000078064e9b0,0x0000000780680000)
  to   space 18432K, 0% used [0x000000077e280000,0x000000077e280000,0x000000077f480000)
 ParOldGen       total 177152K, used 25580K [0x00000006c7000000, 0x00000006d1d00000, 0x000000076d000000)
  object space 177152K, 14% used [0x00000006c7000000,0x00000006c88fb288,0x00000006d1d00000)
 Metaspace       used 48080K, capacity 48658K, committed 49280K, reserved 1091584K
  class space    used 6275K, capacity 6444K, committed 6528K, reserved 1048576K
GC Heap History (10 events):
Event: 2,700 GC heap before
{Heap before GC invocations=6 (full 1):
 PSYoungGen      total 139264K, used 129024K [0x000000076d000000, 0x0000000776200000, 0x00000007c0000000)
  eden space 129024K, 100% used [0x000000076d000000,0x0000000774e00000,0x0000000774e00000)
  from space 10240K, 0% used [0x0000000775800000,0x0000000775800000,0x0000000776200000)
  to   space 10240K, 0% used [0x0000000774e00000,0x0000000774e00000,0x0000000775800000)
 ParOldGen       total 105472K, used 9209K [0x00000006c7000000, 0x00000006cd700000, 0x000000076d000000)
  object space 105472K, 8% used [0x00000006c7000000,0x00000006c78fe510,0x00000006cd700000)
 Metaspace       used 25305K, capacity 25690K, committed 25984K, reserved 1071104K
  class space    used 3265K, capacity 3377K, committed 3456K, reserved 1048576K
Event: 2,706 GC heap after
Heap after GC invocations=6 (full 1):
 PSYoungGen      total 139264K, used 8848K [0x000000076d000000, 0x000000077a280000, 0x00000007c0000000)
  eden space 129024K, 0% used [0x000000076d000000,0x000000076d000000,0x0000000774e00000)
  from space 10240K, 86% used [0x0000000774e00000,0x00000007756a4238,0x0000000775800000)
  to   space 11776K, 0% used [0x0000000779700000,0x0000000779700000,0x000000077a280000)
 ParOldGen       total 105472K, used 9217K [0x00000006c7000000, 0x00000006cd700000, 0x000000076d000000)
  object space 105472K, 8% used [0x00000006c7000000,0x00000006c7900510,0x00000006cd700000)
 Metaspace       used 25305K, capacity 25690K, committed 25984K, reserved 1071104K
  class space    used 3265K, capacity 3377K, committed 3456K, reserved 1048576K
}
Event: 3,146 GC heap before
{Heap before GC invocations=7 (full 1):
 PSYoungGen      total 139264K, used 137872K [0x000000076d000000, 0x000000077a280000, 0x00000007c0000000)
  eden space 129024K, 100% used [0x000000076d000000,0x0000000774e00000,0x0000000774e00000)
  from space 10240K, 86% used [0x0000000774e00000,0x00000007756a4238,0x0000000775800000)
  to   space 11776K, 0% used [0x0000000779700000,0x0000000779700000,0x000000077a280000)
 ParOldGen       total 105472K, used 9217K [0x00000006c7000000, 0x00000006cd700000, 0x000000076d000000)
  object space 105472K, 8% used [0x00000006c7000000,0x00000006c7900510,0x00000006cd700000)
 Metaspace       used 29096K, capacity 29540K, committed 29824K, reserved 1075200K
  class space    used 3758K, capacity 3864K, committed 3968K, reserved 1048576K
Event: 3,153 GC heap after
Heap after GC invocations=7 (full 1):
 PSYoungGen      total 200704K, used 11752K [0x000000076d000000, 0x000000077a980000, 0x00000007c0000000)
  eden space 188928K, 0% used [0x000000076d000000,0x000000076d000000,0x0000000778880000)
  from space 11776K, 99% used [0x0000000779700000,0x000000077a27a280,0x000000077a280000)
  to   space 14848K, 0% used [0x0000000778880000,0x0000000778880000,0x0000000779700000)
 ParOldGen       total 105472K, used 12154K [0x00000006c7000000, 0x00000006cd700000, 0x000000076d000000)
  object space 105472K, 11% used [0x00000006c7000000,0x00000006c7bde898,0x00000006cd700000)
 Metaspace       used 29096K, capacity 29540K, committed 29824K, reserved 1075200K
  class space    used 3758K, capacity 3864K, committed 3968K, reserved 1048576K
}
Event: 3,606 GC heap before
{Heap before GC invocations=8 (full 1):
 PSYoungGen      total 200704K, used 81407K [0x000000076d000000, 0x000000077a980000, 0x00000007c0000000)
  eden space 188928K, 36% used [0x000000076d000000,0x0000000771405ac8,0x0000000778880000)
  from space 11776K, 99% used [0x0000000779700000,0x000000077a27a280,0x000000077a280000)
  to   space 14848K, 0% used [0x0000000778880000,0x0000000778880000,0x0000000779700000)
 ParOldGen       total 105472K, used 12154K [0x00000006c7000000, 0x00000006cd700000, 0x000000076d000000)
  object space 105472K, 11% used [0x00000006c7000000,0x00000006c7bde898,0x00000006cd700000)
 Metaspace       used 34714K, capacity 35170K, committed 35496K, reserved 1081344K
  class space    used 4524K, capacity 4605K, committed 4608K, reserved 1048576K
Event: 3,614 GC heap after
Heap after GC invocations=8 (full 1):
 PSYoungGen      total 203776K, used 14825K [0x000000076d000000, 0x0000000780a00000, 0x00000007c0000000)
  eden space 188928K, 0% used [0x000000076d000000,0x000000076d000000,0x0000000778880000)
  from space 14848K, 99% used [0x0000000778880000,0x00000007796fa7a0,0x0000000779700000)
  to   space 17920K, 0% used [0x000000077f880000,0x000000077f880000,0x0000000780a00000)
 ParOldGen       total 105472K, used 15573K [0x00000006c7000000, 0x00000006cd700000, 0x000000076d000000)
  object space 105472K, 14% used [0x00000006c7000000,0x00000006c7f356d0,0x00000006cd700000)
 Metaspace       used 34714K, capacity 35170K, committed 35496K, reserved 1081344K
  class space    used 4524K, capacity 4605K, committed 4608K, reserved 1048576K
}
Event: 3,614 GC heap before
{Heap before GC invocations=9 (full 2):
 PSYoungGen      total 203776K, used 14825K [0x000000076d000000, 0x0000000780a00000, 0x00000007c0000000)
  eden space 188928K, 0% used [0x000000076d000000,0x000000076d000000,0x0000000778880000)
  from space 14848K, 99% used [0x0000000778880000,0x00000007796fa7a0,0x0000000779700000)
  to   space 17920K, 0% used [0x000000077f880000,0x000000077f880000,0x0000000780a00000)
 ParOldGen       total 105472K, used 15573K [0x00000006c7000000, 0x00000006cd700000, 0x000000076d000000)
  object space 105472K, 14% used [0x00000006c7000000,0x00000006c7f356d0,0x00000006cd700000)
 Metaspace       used 34714K, capacity 35170K, committed 35496K, reserved 1081344K
  class space    used 4524K, capacity 4605K, committed 4608K, reserved 1048576K
Event: 3,655 GC heap after
Heap after GC invocations=9 (full 2):
 PSYoungGen      total 203776K, used 0K [0x000000076d000000, 0x0000000780a00000, 0x00000007c0000000)
  eden space 188928K, 0% used [0x000000076d000000,0x000000076d000000,0x0000000778880000)
  from space 14848K, 0% used [0x0000000778880000,0x0000000778880000,0x0000000779700000)
  to   space 17920K, 0% used [0x000000077f880000,0x000000077f880000,0x0000000780a00000)
 ParOldGen       total 177152K, used 25572K [0x00000006c7000000, 0x00000006d1d00000, 0x000000076d000000)
  object space 177152K, 14% used [0x00000006c7000000,0x00000006c88f9288,0x00000006d1d00000)
 Metaspace       used 34714K, capacity 35170K, committed 35496K, reserved 1081344K
  class space    used 4524K, capacity 4605K, committed 4608K, reserved 1048576K
}
Event: 4,720 GC heap before
{Heap before GC invocations=10 (full 2):
 PSYoungGen      total 203776K, used 188928K [0x000000076d000000, 0x0000000780a00000, 0x00000007c0000000)
  eden space 188928K, 100% used [0x000000076d000000,0x0000000778880000,0x0000000778880000)
  from space 14848K, 0% used [0x0000000778880000,0x0000000778880000,0x0000000779700000)
  to   space 17920K, 0% used [0x000000077f880000,0x000000077f880000,0x0000000780a00000)
 ParOldGen       total 177152K, used 25572K [0x00000006c7000000, 0x00000006d1d00000, 0x000000076d000000)
  object space 177152K, 14% used [0x00000006c7000000,0x00000006c88f9288,0x00000006d1d00000)
 Metaspace       used 40245K, capacity 40746K, committed 41216K, reserved 1085440K
  class space    used 5168K, capacity 5306K, committed 5376K, reserved 1048576K
Event: 4,728 GC heap after
Heap after GC invocations=10 (full 2):
 PSYoungGen      total 281600K, used 14138K [0x000000076d000000, 0x0000000780680000, 0x00000007c0000000)
  eden space 267264K, 0% used [0x000000076d000000,0x000000076d000000,0x000000077d500000)
  from space 14336K, 98% used [0x000000077f880000,0x000000078064e9b0,0x0000000780680000)
  to   space 18432K, 0% used [0x000000077e280000,0x000000077e280000,0x000000077f480000)
 ParOldGen       total 177152K, used 25580K [0x00000006c7000000, 0x00000006d1d00000, 0x000000076d000000)
  object space 177152K, 14% used [0x00000006c7000000,0x00000006c88fb288,0x00000006d1d00000)
 Metaspace       used 40245K, capacity 40746K, committed 41216K, reserved 1085440K
  class space    used 5168K, capacity 5306K, committed 5376K, reserved 1048576K
}

