# JRE version: Java(TM) SE Runtime Environment (8.0_181-b13) (build 1.8.0_181-b13)
# Java VM: Java HotSpot(TM) 64-Bit Server VM (25.181-b13 mixed mode linux-amd64 compressed oops)
Heap:
 PSYoungGen      total 259584K, used 193025K [0x000000076d000000, 0x000000077fd80000, 0x00000007c0000000)
  eden space 245760K, 72% used [0x000000076d000000,0x0000000777f04e10,0x000000077c000000)
  from space 13824K, 99% used [0x000000077f000000,0x000000077fd7b918,0x000000077fd80000)
  to   space 18432K, 0% used [0x000000077d980000,0x000000077d980000,0x000000077eb80000)
 ParOldGen       total 188928K, used 25489K [0x00000006c7000000, 0x00000006d2880000, 0x000000076d000000)
  object space 188928K, 13% used [0x00000006c7000000,0x00000006c88e47b8,0x00000006d2880000)
 Metaspace       used 47383K, capacity 47910K, committed 48600K, reserved 1091584K
  class space    used 6135K, capacity 6282K, committed 6360K, reserved 1048576K
GC Heap History (10 events):
Event: 2,451 GC heap before
{Heap before GC invocations=6 (full 1):
 PSYoungGen      total 139264K, used 129024K [0x000000076d000000, 0x0000000776200000, 0x00000007c0000000)
  eden space 129024K, 100% used [0x000000076d000000,0x0000000774e00000,0x0000000774e00000)
  from space 10240K, 0% used [0x0000000775800000,0x0000000775800000,0x0000000776200000)
  to   space 10240K, 0% used [0x0000000774e00000,0x0000000774e00000,0x0000000775800000)
 ParOldGen       total 109056K, used 9790K [0x00000006c7000000, 0x00000006cda80000, 0x000000076d000000)
  object space 109056K, 8% used [0x00000006c7000000,0x00000006c798f930,0x00000006cda80000)
 Metaspace       used 26252K, capacity 26668K, committed 26880K, reserved 1073152K
  class space    used 3402K, capacity 3508K, committed 3584K, reserved 1048576K
Event: 2,458 GC heap after
Heap after GC invocations=6 (full 1):
 PSYoungGen      total 139264K, used 10234K [0x000000076d000000, 0x000000077a180000, 0x00000007c0000000)
  eden space 129024K, 0% used [0x000000076d000000,0x000000076d000000,0x0000000774e00000)
  from space 10240K, 99% used [0x0000000774e00000,0x00000007757feaa8,0x0000000775800000)
  to   space 13312K, 0% used [0x0000000779480000,0x0000000779480000,0x000000077a180000)
 ParOldGen       total 109056K, used 10376K [0x00000006c7000000, 0x00000006cda80000, 0x000000076d000000)
  object space 109056K, 9% used [0x00000006c7000000,0x00000006c7a22050,0x00000006cda80000)
 Metaspace       used 26252K, capacity 26668K, committed 26880K, reserved 1073152K
  class space    used 3402K, capacity 3508K, committed 3584K, reserved 1048576K
}
Event: 2,980 GC heap before
{Heap before GC invocations=7 (full 1):
 PSYoungGen      total 139264K, used 139258K [0x000000076d000000, 0x000000077a180000, 0x00000007c0000000)
  eden space 129024K, 100% used [0x000000076d000000,0x0000000774e00000,0x0000000774e00000)
  from space 10240K, 99% used [0x0000000774e00000,0x00000007757feaa8,0x0000000775800000)
  to   space 13312K, 0% used [0x0000000779480000,0x0000000779480000,0x000000077a180000)
 ParOldGen       total 109056K, used 10376K [0x00000006c7000000, 0x00000006cda80000, 0x000000076d000000)
  object space 109056K, 9% used [0x00000006c7000000,0x00000006c7a22050,0x00000006cda80000)
 Metaspace       used 29155K, capacity 29604K, committed 29824K, reserved 1075200K
  class space    used 3769K, capacity 3864K, committed 3968K, reserved 1048576K
Event: 2,989 GC heap after
Heap after GC invocations=7 (full 1):
 PSYoungGen      total 199168K, used 13281K [0x000000076d000000, 0x000000077a680000, 0x00000007c0000000)
  eden space 185856K, 0% used [0x000000076d000000,0x000000076d000000,0x0000000778580000)
  from space 13312K, 99% used [0x0000000779480000,0x000000077a178510,0x000000077a180000)
  to   space 15360K, 0% used [0x0000000778580000,0x0000000778580000,0x0000000779480000)
 ParOldGen       total 109056K, used 11433K [0x00000006c7000000, 0x00000006cda80000, 0x000000076d000000)
  object space 109056K, 10% used [0x00000006c7000000,0x00000006c7b2a5a0,0x00000006cda80000)
 Metaspace       used 29155K, capacity 29604K, committed 29824K, reserved 1075200K
  class space    used 3769K, capacity 3864K, committed 3968K, reserved 1048576K
}
Event: 3,647 GC heap before
{Heap before GC invocations=8 (full 1):
 PSYoungGen      total 199168K, used 73006K [0x000000076d000000, 0x000000077a680000, 0x00000007c0000000)
  eden space 185856K, 32% used [0x000000076d000000,0x0000000770a53668,0x0000000778580000)
  from space 13312K, 99% used [0x0000000779480000,0x000000077a178510,0x000000077a180000)
  to   space 15360K, 0% used [0x0000000778580000,0x0000000778580000,0x0000000779480000)
 ParOldGen       total 109056K, used 11433K [0x00000006c7000000, 0x00000006cda80000, 0x000000076d000000)
  object space 109056K, 10% used [0x00000006c7000000,0x00000006c7b2a5a0,0x00000006cda80000)
 Metaspace       used 34685K, capacity 35138K, committed 35416K, reserved 1079296K
  class space    used 4528K, capacity 4637K, committed 4696K, reserved 1048576K
Event: 3,660 GC heap after
Heap after GC invocations=8 (full 1):
 PSYoungGen      total 201216K, used 15354K [0x000000076d000000, 0x0000000780200000, 0x00000007c0000000)
  eden space 185856K, 0% used [0x000000076d000000,0x000000076d000000,0x0000000778580000)
  from space 15360K, 99% used [0x0000000778580000,0x000000077947e9d0,0x0000000779480000)
  to   space 18432K, 0% used [0x000000077f000000,0x000000077f000000,0x0000000780200000)
 ParOldGen       total 109056K, used 13946K [0x00000006c7000000, 0x00000006cda80000, 0x000000076d000000)
  object space 109056K, 12% used [0x00000006c7000000,0x00000006c7d9eb98,0x00000006cda80000)
 Metaspace       used 34685K, capacity 35138K, committed 35416K, reserved 1079296K
  class space    used 4528K, capacity 4637K, committed 4696K, reserved 1048576K
}
Event: 3,660 GC heap before
{Heap before GC invocations=9 (full 2):
 PSYoungGen      total 201216K, used 15354K [0x000000076d000000, 0x0000000780200000, 0x00000007c0000000)
  eden space 185856K, 0% used [0x000000076d000000,0x000000076d000000,0x0000000778580000)
  from space 15360K, 99% used [0x0000000778580000,0x000000077947e9d0,0x0000000779480000)
  to   space 18432K, 0% used [0x000000077f000000,0x000000077f000000,0x0000000780200000)
 ParOldGen       total 109056K, used 13946K [0x00000006c7000000, 0x00000006cda80000, 0x000000076d000000)
  object space 109056K, 12% used [0x00000006c7000000,0x00000006c7d9eb98,0x00000006cda80000)
 Metaspace       used 34685K, capacity 35138K, committed 35416K, reserved 1079296K
  class space    used 4528K, capacity 4637K, committed 4696K, reserved 1048576K
Event: 3,747 GC heap after
Heap after GC invocations=9 (full 2):
 PSYoungGen      total 201216K, used 0K [0x000000076d000000, 0x0000000780200000, 0x00000007c0000000)
  eden space 185856K, 0% used [0x000000076d000000,0x000000076d000000,0x0000000778580000)
  from space 15360K, 0% used [0x0000000778580000,0x0000000778580000,0x0000000779480000)
  to   space 18432K, 0% used [0x000000077f000000,0x000000077f000000,0x0000000780200000)
 ParOldGen       total 188928K, used 25481K [0x00000006c7000000, 0x00000006d2880000, 0x000000076d000000)
  object space 188928K, 13% used [0x00000006c7000000,0x00000006c88e27b8,0x00000006d2880000)
 Metaspace       used 34685K, capacity 35138K, committed 35416K, reserved 1079296K
  class space    used 4528K, capacity 4637K, committed 4696K, reserved 1048576K
}
Event: 5,936 GC heap before
{Heap before GC invocations=10 (full 2):
 PSYoungGen      total 201216K, used 185856K [0x000000076d000000, 0x0000000780200000, 0x00000007c0000000)
  eden space 185856K, 100% used [0x000000076d000000,0x0000000778580000,0x0000000778580000)
  from space 15360K, 0% used [0x0000000778580000,0x0000000778580000,0x0000000779480000)
  to   space 18432K, 0% used [0x000000077f000000,0x000000077f000000,0x0000000780200000)
 ParOldGen       total 188928K, used 25481K [0x00000006c7000000, 0x00000006d2880000, 0x000000076d000000)
  object space 188928K, 13% used [0x00000006c7000000,0x00000006c88e27b8,0x00000006d2880000)
 Metaspace       used 40100K, capacity 40618K, committed 41176K, reserved 1085440K
  class space    used 5156K, capacity 5306K, committed 5336K, reserved 1048576K
Event: 5,950 GC heap after
Heap after GC invocations=10 (full 2):
 PSYoungGen      total 259584K, used 13806K [0x000000076d000000, 0x000000077fd80000, 0x00000007c0000000)
  eden space 245760K, 0% used [0x000000076d000000,0x000000076d000000,0x000000077c000000)
  from space 13824K, 99% used [0x000000077f000000,0x000000077fd7b918,0x000000077fd80000)
  to   space 18432K, 0% used [0x000000077d980000,0x000000077d980000,0x000000077eb80000)
 ParOldGen       total 188928K, used 25489K [0x00000006c7000000, 0x00000006d2880000, 0x000000076d000000)
  object space 188928K, 13% used [0x00000006c7000000,0x00000006c88e47b8,0x00000006d2880000)
 Metaspace       used 40100K, capacity 40618K, committed 41176K, reserved 1085440K
  class space    used 5156K, capacity 5306K, committed 5336K, reserved 1048576K
}

